Determining if the pthread_create exist failed with the following output:
Change Dir: /home/charlie/Documents/workspace/ros_ws/src/stentgraft_planning/suture_device/build/CMakeFiles/CMakeTmp

Run Build Command:"/usr/bin/make" "cmTC_6d655/fast"
/usr/bin/make -f CMakeFiles/cmTC_6d655.dir/build.make CMakeFiles/cmTC_6d655.dir/build
make[1]: Entering directory '/home/charlie/Documents/workspace/ros_ws/src/stentgraft_planning/suture_device/build/CMakeFiles/CMakeTmp'
Building C object CMakeFiles/cmTC_6d655.dir/CheckSymbolExists.c.o
/usr/bin/gcc     -o CMakeFiles/cmTC_6d655.dir/CheckSymbolExists.c.o   -c /home/charlie/Documents/workspace/ros_ws/src/stentgraft_planning/suture_device/build/CMakeFiles/CMakeTmp/CheckSymbolExists.c
Linking C executable cmTC_6d655
/usr/bin/cmake -E cmake_link_script CMakeFiles/cmTC_6d655.dir/link.txt --verbose=1
/usr/bin/gcc       CMakeFiles/cmTC_6d655.dir/CheckSymbolExists.c.o  -o cmTC_6d655 -rdynamic 
CMakeFiles/cmTC_6d655.dir/CheckSymbolExists.c.o: In function `main':
CheckSymbolExists.c:(.text+0x16): undefined reference to `pthread_create'
collect2: error: ld returned 1 exit status
CMakeFiles/cmTC_6d655.dir/build.make:97: recipe for target 'cmTC_6d655' failed
make[1]: *** [cmTC_6d655] Error 1
make[1]: Leaving directory '/home/charlie/Documents/workspace/ros_ws/src/stentgraft_planning/suture_device/build/CMakeFiles/CMakeTmp'
Makefile:126: recipe for target 'cmTC_6d655/fast' failed
make: *** [cmTC_6d655/fast] Error 2

File /home/charlie/Documents/workspace/ros_ws/src/stentgraft_planning/suture_device/build/CMakeFiles/CMakeTmp/CheckSymbolExists.c:
/* */
#include <pthread.h>

int main(int argc, char** argv)
{
  (void)argv;
#ifndef pthread_create
  return ((int*)(&pthread_create))[argc];
#else
  (void)argc;
  return 0;
#endif
}

Determining if the function pthread_create exists in the pthreads failed with the following output:
Change Dir: /home/charlie/Documents/workspace/ros_ws/src/stentgraft_planning/suture_device/build/CMakeFiles/CMakeTmp

Run Build Command:"/usr/bin/make" "cmTC_c819e/fast"
/usr/bin/make -f CMakeFiles/cmTC_c819e.dir/build.make CMakeFiles/cmTC_c819e.dir/build
make[1]: Entering directory '/home/charlie/Documents/workspace/ros_ws/src/stentgraft_planning/suture_device/build/CMakeFiles/CMakeTmp'
Building C object CMakeFiles/cmTC_c819e.dir/CheckFunctionExists.c.o
/usr/bin/gcc    -DCHECK_FUNCTION_EXISTS=pthread_create   -o CMakeFiles/cmTC_c819e.dir/CheckFunctionExists.c.o   -c /usr/share/cmake-3.5/Modules/CheckFunctionExists.c
Linking C executable cmTC_c819e
/usr/bin/cmake -E cmake_link_script CMakeFiles/cmTC_c819e.dir/link.txt --verbose=1
/usr/bin/gcc   -DCHECK_FUNCTION_EXISTS=pthread_create    CMakeFiles/cmTC_c819e.dir/CheckFunctionExists.c.o  -o cmTC_c819e -rdynamic -lpthreads 
/usr/bin/ld: cannot find -lpthreads
collect2: error: ld returned 1 exit status
CMakeFiles/cmTC_c819e.dir/build.make:97: recipe for target 'cmTC_c819e' failed
make[1]: *** [cmTC_c819e] Error 1
make[1]: Leaving directory '/home/charlie/Documents/workspace/ros_ws/src/stentgraft_planning/suture_device/build/CMakeFiles/CMakeTmp'
Makefile:126: recipe for target 'cmTC_c819e/fast' failed
make: *** [cmTC_c819e/fast] Error 2


